<?xml version="1.0" encoding="UTF-8"?>
<!-- Generated by org.testng.reporters.JUnitXMLReporter -->
<testsuite ignored="0" hostname="DESKTOP-Q2RM1HI" failures="0" tests="3" name="Test" time="18.505" errors="0" timestamp="2021-12-17T10:43:27 IST">
  <testcase classname="controlWEbElementsExercise.Checkbox_RadioButton" name="InputBoxInput" time="0.182"/>
  <testcase classname="controlWEbElementsExercise.InputBox" name="InputBoxInput" time="0.116"/>
  <testcase classname="controlWEbElementsExercise.DropDown_Single" name="ListBoxSelec" time="3.171"/>
</testsuite> <!-- Test -->
