<?xml version="1.0" encoding="UTF-8"?>
<testng-results ignored="0" total="3" passed="3" failed="0" skipped="0">
  <reporter-output>
  </reporter-output>
  <suite started-at="2021-12-30T09:47:51 IST" name="Suite" finished-at="2021-12-30T09:48:25 IST" duration-ms="33872">
    <groups>
    </groups>
    <test started-at="2021-12-30T09:47:51 IST" name="Test edge" finished-at="2021-12-30T09:48:21 IST" duration-ms="29632">
      <class name="seleniumGridEx.HRMlogin">
        <test-method is-config="true" signature="LaunchApp(java.lang.String)[pri:0, instance:seleniumGridEx.HRMlogin@729d991e]" started-at="2021-12-30T09:47:51 IST" name="LaunchApp" finished-at="2021-12-30T09:47:58 IST" duration-ms="6557" status="PASS">
          <params>
            <param index="0">
              <value>
                <![CDATA[edge]]>
              </value>
            </param>
          </params>
          <reporter-output>
          </reporter-output>
        </test-method> <!-- LaunchApp -->
        <test-method signature="Login()[pri:0, instance:seleniumGridEx.HRMlogin@729d991e]" started-at="2021-12-30T09:47:58 IST" name="Login" finished-at="2021-12-30T09:48:20 IST" duration-ms="22475" status="PASS">
          <reporter-output>
          </reporter-output>
        </test-method> <!-- Login -->
        <test-method is-config="true" signature="CloseApp()[pri:0, instance:seleniumGridEx.HRMlogin@729d991e]" started-at="2021-12-30T09:48:20 IST" name="CloseApp" finished-at="2021-12-30T09:48:21 IST" duration-ms="587" status="PASS">
          <reporter-output>
          </reporter-output>
        </test-method> <!-- CloseApp -->
      </class> <!-- seleniumGridEx.HRMlogin -->
    </test> <!-- Test edge -->
    <test started-at="2021-12-30T09:47:51 IST" name="Test chrome" finished-at="2021-12-30T09:48:21 IST" duration-ms="30145">
      <class name="seleniumGridEx.HRMlogin">
        <test-method is-config="true" signature="LaunchApp(java.lang.String)[pri:0, instance:seleniumGridEx.HRMlogin@2fb3536e]" started-at="2021-12-30T09:47:51 IST" name="LaunchApp" finished-at="2021-12-30T09:47:55 IST" duration-ms="3987" status="PASS">
          <params>
            <param index="0">
              <value>
                <![CDATA[chrome]]>
              </value>
            </param>
          </params>
          <reporter-output>
          </reporter-output>
        </test-method> <!-- LaunchApp -->
        <test-method signature="Login()[pri:0, instance:seleniumGridEx.HRMlogin@2fb3536e]" started-at="2021-12-30T09:47:55 IST" name="Login" finished-at="2021-12-30T09:48:17 IST" duration-ms="21941" status="PASS">
          <reporter-output>
          </reporter-output>
        </test-method> <!-- Login -->
        <test-method is-config="true" signature="CloseApp()[pri:0, instance:seleniumGridEx.HRMlogin@2fb3536e]" started-at="2021-12-30T09:48:17 IST" name="CloseApp" finished-at="2021-12-30T09:48:21 IST" duration-ms="4171" status="PASS">
          <reporter-output>
          </reporter-output>
        </test-method> <!-- CloseApp -->
      </class> <!-- seleniumGridEx.HRMlogin -->
    </test> <!-- Test chrome -->
    <test started-at="2021-12-30T09:47:51 IST" name="Test firefox" finished-at="2021-12-30T09:48:25 IST" duration-ms="33871">
      <class name="seleniumGridEx.HRMlogin">
        <test-method is-config="true" signature="LaunchApp(java.lang.String)[pri:0, instance:seleniumGridEx.HRMlogin@4dbb42b7]" started-at="2021-12-30T09:47:51 IST" name="LaunchApp" finished-at="2021-12-30T09:47:59 IST" duration-ms="7894" status="PASS">
          <params>
            <param index="0">
              <value>
                <![CDATA[firefox]]>
              </value>
            </param>
          </params>
          <reporter-output>
          </reporter-output>
        </test-method> <!-- LaunchApp -->
        <test-method signature="Login()[pri:0, instance:seleniumGridEx.HRMlogin@4dbb42b7]" started-at="2021-12-30T09:47:59 IST" name="Login" finished-at="2021-12-30T09:48:24 IST" duration-ms="24905" status="PASS">
          <reporter-output>
          </reporter-output>
        </test-method> <!-- Login -->
        <test-method is-config="true" signature="CloseApp()[pri:0, instance:seleniumGridEx.HRMlogin@4dbb42b7]" started-at="2021-12-30T09:48:24 IST" name="CloseApp" finished-at="2021-12-30T09:48:25 IST" duration-ms="1061" status="PASS">
          <reporter-output>
          </reporter-output>
        </test-method> <!-- CloseApp -->
      </class> <!-- seleniumGridEx.HRMlogin -->
    </test> <!-- Test firefox -->
  </suite> <!-- Suite -->
</testng-results>
