<?xml version="1.0" encoding="UTF-8"?>
<!-- Generated by org.testng.reporters.JUnitXMLReporter -->
<testsuite ignored="0" hostname="DESKTOP-Q2RM1HI" failures="0" tests="11" name="Test" time="109.586" errors="0" timestamp="2021-12-31T09:16:55 IST">
  <testcase classname="nopTests.AddCustomer" name="loginCusts" time="15.789"/>
  <testcase classname="nopTests.SearchCustomer" name="loginCusts" time="3.948"/>
  <testcase classname="nopTests.Login" name="verifyLogo" time="0.069"/>
  <testcase classname="nopTests.Login" name="verifyTitle" time="0.017"/>
  <testcase classname="nopTests.AddCustomer" name="addCustomerDetails" time="8.031"/>
  <testcase classname="nopTests.SearchCustomer" name="clickCustomer1" time="1.092"/>
  <testcase classname="nopTests.Login" name="login" time="4.879"/>
  <testcase classname="nopTests.SearchCustomer" name="clickSubCustomer2" time="3.259"/>
  <testcase classname="nopTests.AddCustomer" name="logout" time="0.797"/>
  <testcase classname="nopTests.SearchCustomer" name="searchTheCustomer" time="8.163">
    <skipped/>
  </testcase> <!-- searchTheCustomer -->
  <testcase classname="nopTests.SearchCustomer" name="searchTheCustomer" time="12.919"/>
</testsuite> <!-- Test -->
