<?xml version="1.0" encoding="UTF-8"?>
<!-- Generated by org.testng.reporters.JUnitXMLReporter -->
<testsuite hostname="DESKTOP-Q2RM1HI" ignored="0" name="Test_Search" tests="5" failures="0" timestamp="2022-01-07T15:28:58 IST" time="38.675" errors="0">
  <testcase name="loginCusts" time="5.137" classname="pomTests.SearchCustomer"/>
  <testcase name="clickCustomer1" time="1.135" classname="pomTests.SearchCustomer"/>
  <testcase name="clickSubCustomer2" time="3.041" classname="pomTests.SearchCustomer"/>
  <testcase name="searchTheCustomer" time="8.308" classname="pomTests.SearchCustomer">
    <skipped/>
  </testcase> <!-- searchTheCustomer -->
  <testcase name="searchTheCustomer" time="13.046" classname="pomTests.SearchCustomer"/>
</testsuite> <!-- Test_Search -->
