<?xml version="1.0" encoding="UTF-8"?>
<testng-results skipped="0" failed="0" ignored="0" retried="1" total="8" passed="7">
  <reporter-output>
  </reporter-output>
  <suite name="Suite" duration-ms="38675" started-at="2022-01-07T15:28:19 IST" finished-at="2022-01-07T15:28:58 IST">
    <groups>
    </groups>
    <test name="Test_Login" duration-ms="14489" started-at="2022-01-07T15:28:19 IST" finished-at="2022-01-07T15:28:34 IST">
      <class name="pomTests.Login">
        <test-method status="PASS" signature="openBrowser()[pri:0, instance:pomTests.Login@184f6be2]" name="openBrowser" is-config="true" duration-ms="4901" started-at="2022-01-07T15:28:19 IST" finished-at="2022-01-07T15:28:24 IST">
          <reporter-output>
          </reporter-output>
        </test-method> <!-- openBrowser -->
        <test-method status="PASS" signature="verifyLogo()[pri:0, instance:pomTests.Login@184f6be2]" name="verifyLogo" duration-ms="108" started-at="2022-01-07T15:28:24 IST" finished-at="2022-01-07T15:28:24 IST">
          <reporter-output>
          </reporter-output>
        </test-method> <!-- verifyLogo -->
        <test-method status="PASS" signature="verifyTitle()[pri:0, instance:pomTests.Login@184f6be2]" name="verifyTitle" duration-ms="8" started-at="2022-01-07T15:28:24 IST" finished-at="2022-01-07T15:28:24 IST">
          <reporter-output>
          </reporter-output>
        </test-method> <!-- verifyTitle -->
        <test-method status="PASS" signature="login()[pri:1, instance:pomTests.Login@184f6be2]" name="login" duration-ms="6223" started-at="2022-01-07T15:28:24 IST" finished-at="2022-01-07T15:28:30 IST">
          <reporter-output>
          </reporter-output>
        </test-method> <!-- login -->
        <test-method status="PASS" signature="tearDown()[pri:0, instance:pomTests.Login@184f6be2]" name="tearDown" is-config="true" duration-ms="3210" started-at="2022-01-07T15:28:30 IST" finished-at="2022-01-07T15:28:34 IST">
          <reporter-output>
          </reporter-output>
        </test-method> <!-- tearDown -->
      </class> <!-- pomTests.Login -->
    </test> <!-- Test_Login -->
    <test name="Test_Search" duration-ms="38675" started-at="2022-01-07T15:28:19 IST" finished-at="2022-01-07T15:28:58 IST">
      <class name="pomTests.SearchCustomer">
        <test-method status="PASS" signature="openBrowser()[pri:0, instance:pomTests.SearchCustomer@1563da5]" name="openBrowser" is-config="true" duration-ms="4819" started-at="2022-01-07T15:28:19 IST" finished-at="2022-01-07T15:28:24 IST">
          <reporter-output>
          </reporter-output>
        </test-method> <!-- openBrowser -->
        <test-method status="PASS" signature="loginCusts()[pri:0, instance:pomTests.SearchCustomer@1563da5]" name="loginCusts" duration-ms="5137" started-at="2022-01-07T15:28:24 IST" finished-at="2022-01-07T15:28:29 IST">
          <reporter-output>
          </reporter-output>
        </test-method> <!-- loginCusts -->
        <test-method status="PASS" signature="clickCustomer1()[pri:1, instance:pomTests.SearchCustomer@1563da5]" name="clickCustomer1" duration-ms="1135" started-at="2022-01-07T15:28:29 IST" finished-at="2022-01-07T15:28:30 IST">
          <reporter-output>
          </reporter-output>
        </test-method> <!-- clickCustomer1 -->
        <test-method status="PASS" signature="clickSubCustomer2()[pri:2, instance:pomTests.SearchCustomer@1563da5]" name="clickSubCustomer2" duration-ms="3041" started-at="2022-01-07T15:28:30 IST" finished-at="2022-01-07T15:28:33 IST">
          <reporter-output>
          </reporter-output>
        </test-method> <!-- clickSubCustomer2 -->
        <test-method status="SKIP" signature="searchTheCustomer()[pri:3, instance:pomTests.SearchCustomer@1563da5]" name="searchTheCustomer" duration-ms="8308" retried="true" started-at="2022-01-07T15:28:33 IST" finished-at="2022-01-07T15:28:42 IST">
          <exception class="org.openqa.selenium.ElementNotInteractableException">
            <message>
              <![CDATA[element not interactable
  (Session info: chrome=96.0.4664.110)
Build info: version: '3.141.59', revision: 'e82be7d358', time: '2018-11-14T08:17:03'
System info: host: 'DESKTOP-Q2RM1HI', ip: '10.1.10.111', os.name: 'Windows 10', os.arch: 'amd64', os.version: '10.0', java.version: '1.8.0_301'
Driver info: org.openqa.selenium.chrome.ChromeDriver
Capabilities {acceptInsecureCerts: false, browserName: chrome, browserVersion: 96.0.4664.110, chrome: {chromedriverVersion: 96.0.4664.45 (76e4c1bb2ab46..., userDataDir: C:\Users\admin\AppData\Loca...}, goog:chromeOptions: {debuggerAddress: localhost:64813}, javascriptEnabled: true, networkConnectionEnabled: false, pageLoadStrategy: normal, platform: WINDOWS, platformName: WINDOWS, proxy: Proxy(), setWindowRect: true, strictFileInteractability: false, timeouts: {implicit: 0, pageLoad: 300000, script: 30000}, unhandledPromptBehavior: dismiss and notify, webauthn:extension:credBlob: true, webauthn:extension:largeBlob: true, webauthn:virtualAuthenticators: true}
Session ID: 4f23c4739d4ccd60fb3b773eb518661f]]>
            </message>
            <full-stacktrace>
              <![CDATA[org.openqa.selenium.ElementNotInteractableException: element not interactable
  (Session info: chrome=96.0.4664.110)
Build info: version: '3.141.59', revision: 'e82be7d358', time: '2018-11-14T08:17:03'
System info: host: 'DESKTOP-Q2RM1HI', ip: '10.1.10.111', os.name: 'Windows 10', os.arch: 'amd64', os.version: '10.0', java.version: '1.8.0_301'
Driver info: org.openqa.selenium.chrome.ChromeDriver
Capabilities {acceptInsecureCerts: false, browserName: chrome, browserVersion: 96.0.4664.110, chrome: {chromedriverVersion: 96.0.4664.45 (76e4c1bb2ab46..., userDataDir: C:\Users\admin\AppData\Loca...}, goog:chromeOptions: {debuggerAddress: localhost:64813}, javascriptEnabled: true, networkConnectionEnabled: false, pageLoadStrategy: normal, platform: WINDOWS, platformName: WINDOWS, proxy: Proxy(), setWindowRect: true, strictFileInteractability: false, timeouts: {implicit: 0, pageLoad: 300000, script: 30000}, unhandledPromptBehavior: dismiss and notify, webauthn:extension:credBlob: true, webauthn:extension:largeBlob: true, webauthn:virtualAuthenticators: true}
Session ID: 4f23c4739d4ccd60fb3b773eb518661f
at sun.reflect.NativeConstructorAccessorImpl.newInstance0(Native Method)
at sun.reflect.NativeConstructorAccessorImpl.newInstance(Unknown Source)
at sun.reflect.DelegatingConstructorAccessorImpl.newInstance(Unknown Source)
at java.lang.reflect.Constructor.newInstance(Unknown Source)
at org.openqa.selenium.remote.http.W3CHttpResponseCodec.createException(W3CHttpResponseCodec.java:187)
at org.openqa.selenium.remote.http.W3CHttpResponseCodec.decode(W3CHttpResponseCodec.java:122)
at org.openqa.selenium.remote.http.W3CHttpResponseCodec.decode(W3CHttpResponseCodec.java:49)
at org.openqa.selenium.remote.HttpCommandExecutor.execute(HttpCommandExecutor.java:158)
at org.openqa.selenium.remote.service.DriverCommandExecutor.execute(DriverCommandExecutor.java:83)
at org.openqa.selenium.remote.RemoteWebDriver.execute(RemoteWebDriver.java:552)
at org.openqa.selenium.remote.RemoteWebElement.execute(RemoteWebElement.java:285)
at org.openqa.selenium.remote.RemoteWebElement.sendKeys(RemoteWebElement.java:106)
at sun.reflect.NativeMethodAccessorImpl.invoke0(Native Method)
at sun.reflect.NativeMethodAccessorImpl.invoke(Unknown Source)
at sun.reflect.DelegatingMethodAccessorImpl.invoke(Unknown Source)
at java.lang.reflect.Method.invoke(Unknown Source)
at org.openqa.selenium.support.pagefactory.internal.LocatingElementHandler.invoke(LocatingElementHandler.java:51)
at com.sun.proxy.$Proxy7.sendKeys(Unknown Source)
at pomPages.SearchPage.searchCust(SearchPage.java:43)
at pomTests.SearchCustomer.searchTheCustomer(SearchCustomer.java:41)
at sun.reflect.NativeMethodAccessorImpl.invoke0(Native Method)
at sun.reflect.NativeMethodAccessorImpl.invoke(Unknown Source)
at sun.reflect.DelegatingMethodAccessorImpl.invoke(Unknown Source)
at java.lang.reflect.Method.invoke(Unknown Source)
at org.testng.internal.MethodInvocationHelper.invokeMethod(MethodInvocationHelper.java:133)
at org.testng.internal.TestInvoker.invokeMethod(TestInvoker.java:598)
at org.testng.internal.TestInvoker.invokeTestMethod(TestInvoker.java:173)
at org.testng.internal.MethodRunner.runInSequence(MethodRunner.java:46)
at org.testng.internal.TestInvoker$MethodInvocationAgent.invoke(TestInvoker.java:824)
at org.testng.internal.TestInvoker.invokeTestMethods(TestInvoker.java:146)
at org.testng.internal.TestMethodWorker.invokeTestMethods(TestMethodWorker.java:146)
at org.testng.internal.TestMethodWorker.run(TestMethodWorker.java:128)
at java.util.ArrayList.forEach(Unknown Source)
at org.testng.TestRunner.privateRun(TestRunner.java:794)
at org.testng.TestRunner.run(TestRunner.java:596)
at org.testng.SuiteRunner.runTest(SuiteRunner.java:377)
at org.testng.SuiteRunner.access$000(SuiteRunner.java:28)
at org.testng.SuiteRunner$SuiteWorker.run(SuiteRunner.java:418)
at org.testng.internal.thread.ThreadUtil.lambda$execute$0(ThreadUtil.java:64)
at java.util.concurrent.FutureTask.run(Unknown Source)
at java.util.concurrent.ThreadPoolExecutor.runWorker(Unknown Source)
at java.util.concurrent.ThreadPoolExecutor$Worker.run(Unknown Source)
at java.lang.Thread.run(Unknown Source)
]]>
            </full-stacktrace>
          </exception> <!-- org.openqa.selenium.ElementNotInteractableException -->
          <reporter-output>
          </reporter-output>
        </test-method> <!-- searchTheCustomer -->
        <test-method status="PASS" signature="searchTheCustomer()[pri:3, instance:pomTests.SearchCustomer@1563da5]" name="searchTheCustomer" duration-ms="13046" started-at="2022-01-07T15:28:42 IST" finished-at="2022-01-07T15:28:55 IST">
          <reporter-output>
          </reporter-output>
        </test-method> <!-- searchTheCustomer -->
        <test-method status="PASS" signature="tearDown()[pri:0, instance:pomTests.SearchCustomer@1563da5]" name="tearDown" is-config="true" duration-ms="3134" started-at="2022-01-07T15:28:55 IST" finished-at="2022-01-07T15:28:58 IST">
          <reporter-output>
          </reporter-output>
        </test-method> <!-- tearDown -->
      </class> <!-- pomTests.SearchCustomer -->
    </test> <!-- Test_Search -->
  </suite> <!-- Suite -->
</testng-results>
