<?xml version="1.0" encoding="UTF-8"?>
<testsuite xmlns:xsi="http://www.w3.org/2001/XMLSchema-instance" xsi:noNamespaceSchemaLocation="https://maven.apache.org/surefire/maven-surefire-plugin/xsd/surefire-test-report-3.0.xsd" version="3.0" name="TestSuite" time="39.601" tests="8" errors="0" skipped="1" failures="0">
  <properties>
[...]
</properties>
  <testcase name="verifyLogo" classname="pomTests.Login" time="0.053">
    <system-err><![CDATA[SLF4J: Failed to load class "org.slf4j.impl.StaticLoggerBinder".
SLF4J: Defaulting to no-operation (NOP) logger implementation
SLF4J: See http://www.slf4j.org/codes.html#StaticLoggerBinder for further details.
Starting ChromeDriver 96.0.4664.45 (76e4c1bb2ab4671b8beba3444e61c0f17584b2fc-refs/branch-heads/4664@S{t#a9r47t})i nogn  Cphroormte D3r1i0v3e0r 
96O.n0l.y4 6l6o4c.a4l5  c(7o6nnee4ctc1ibob2nabs4 6a7r1eb 8ablelba3444e61c0f17584b2fc-refs/branch-headosw/e4d6.64@
{P#l9e4a7s}e)  soene  photrttp s8:0/0/8ch
rOonmleyd rliovcearl. cchonrnoemcituimo.nosr ga/rsee calluorwietdy.-c
oPnlseiadseer asteieo nhst tfposr: /s/ucghgreosmteidornisv eorn. ckhereopiminugm .Cohrrogm/esDerciuvreirt ys-acfeo.ns
iderations for suggestions on keeping ChromeDriver safe.
ChromeDriver waCsh rsotmaerDtreidv esru cwcaess ssftualrltye.d 
successfully.
Jan 07, 2022 3:28:23 PM org.openqa.selenium.remote.ProtocolHandshake createSession
INFO: Detected dialect: W3C
Jan 07, 2022 3:28:23 PM org.openqa.selenium.remote.ProtocolHandshake createSession
INFO: Detected dialect: W3C
]]></system-err>
  </testcase>
  <testcase name="verifyTitle" classname="pomTests.Login" time="0.008"/>
  <testcase name="login" classname="pomTests.Login" time="0.129"/>
  <testcase name="loginCusts" classname="pomTests.SearchCustomer" time="4.957">
    <system-out><![CDATA[ INFO [TestNG-tests-1] (Login.java:12)- Enter username
 INFO [TestNG-tests-1] (Login.java:14)- Enter password
]]></system-out>
  </testcase>
  <testcase name="clickCustomer1" classname="pomTests.SearchCustomer" time="1.138">
    <system-out><![CDATA[ INFO [TestNG-tests-1] (Login.java:16)- Click on login button
 INFO [TestNG-tests-2] (SearchCustomer.java:22)- Click on customer tab
]]></system-out>
  </testcase>
  <testcase name="clickSubCustomer2" classname="pomTests.SearchCustomer" time="3.045">
    <system-out><![CDATA[ INFO [TestNG-tests-2] (SearchCustomer.java:29)- Click on sub customer tab
]]></system-out>
  </testcase>
  <testcase name="searchTheCustomer" classname="pomTests.SearchCustomer" time="0">
    <skipped message="element not interactable&#10;  (Session info: chrome=96.0.4664.110)&#10;Build info: version: &apos;3.141.59&apos;, revision: &apos;e82be7d358&apos;, time: &apos;2018-11-14T08:17:03&apos;&#10;System info: host: &apos;DESKTOP-Q2RM1HI&apos;, ip: &apos;10.1.10.111&apos;, os.name: &apos;Windows 10&apos;, os.arch: &apos;amd64&apos;, os.version: &apos;10.0&apos;, java.version: &apos;1.8.0_301&apos;&#10;Driver info: org.openqa.selenium.chrome.ChromeDriver&#10;Capabilities {acceptInsecureCerts: false, browserName: chrome, browserVersion: 96.0.4664.110, chrome: {chromedriverVersion: 96.0.4664.45 (76e4c1bb2ab46..., userDataDir: C:\Users\admin\AppData\Loca...}, goog:chromeOptions: {debuggerAddress: localhost:64813}, javascriptEnabled: true, networkConnectionEnabled: false, pageLoadStrategy: normal, platform: WINDOWS, platformName: WINDOWS, proxy: Proxy(), setWindowRect: true, strictFileInteractability: false, timeouts: {implicit: 0, pageLoad: 300000, script: 30000}, unhandledPromptBehavior: dismiss and notify, webauthn:extension:credBlob: true, webauthn:extension:largeBlob: true, webauthn:virtualAuthenticators: true}&#10;Session ID: 4f23c4739d4ccd60fb3b773eb518661f"/>
    <system-out><![CDATA[ INFO [TestNG-tests-2] (SearchCustomer.java:36)- Click on search text
 INFO [TestNG-tests-2] (SearchCustomer.java:39)- Enter the email id
]]></system-out>
  </testcase>
  <testcase name="searchTheCustomer" classname="pomTests.SearchCustomer" time="13.047">
    <system-out><![CDATA[ INFO [TestNG-tests-2] (SearchCustomer.java:36)- Click on search text
 INFO [TestNG-tests-2] (SearchCustomer.java:39)- Enter the email id
 INFO [TestNG-tests-2] (SearchCustomer.java:42)- Click on search button
]]></system-out>
  </testcase>
</testsuite>