<?xml version="1.0" encoding="UTF-8"?>
<testng-results ignored="0" total="1" passed="1" failed="0" skipped="0">
  <reporter-output>
  </reporter-output>
  <suite started-at="2021-12-20T13:24:22 IST" name="Default suite" finished-at="2021-12-20T13:26:00 IST" duration-ms="98215">
    <groups>
    </groups>
    <test started-at="2021-12-20T13:24:22 IST" name="Default test" finished-at="2021-12-20T13:26:00 IST" duration-ms="98215">
      <class name="actionClass.DragnDrop">
        <test-method is-config="true" signature="SetUp()[pri:0, instance:actionClass.DragnDrop@d29f28]" started-at="2021-12-20T13:24:22 IST" name="SetUp" finished-at="2021-12-20T13:25:56 IST" duration-ms="94416" status="PASS">
          <reporter-output>
          </reporter-output>
        </test-method> <!-- SetUp -->
        <test-method signature="DragDrop()[pri:0, instance:actionClass.DragnDrop@d29f28]" started-at="2021-12-20T13:25:56 IST" name="DragDrop" finished-at="2021-12-20T13:25:57 IST" duration-ms="587" status="PASS">
          <reporter-output>
          </reporter-output>
        </test-method> <!-- DragDrop -->
        <test-method is-config="true" signature="TearDown()[pri:0, instance:actionClass.DragnDrop@d29f28]" started-at="2021-12-20T13:25:57 IST" name="TearDown" finished-at="2021-12-20T13:26:00 IST" duration-ms="3166" status="PASS">
          <reporter-output>
          </reporter-output>
        </test-method> <!-- TearDown -->
      </class> <!-- actionClass.DragnDrop -->
    </test> <!-- Default test -->
  </suite> <!-- Default suite -->
</testng-results>
